[    .00000Initalzig cro subss puse
[    0.000000] Initializing cgroup sbss cpu[   0.000] Iniiaizig grup subsys cpacct
[    0.000000]Liux veio 4.4.0-34-generic (buildd@lgw01-20) (gcc version 5.3.1 20160413 (Ubunt 5.3.1-14buu2.1) )#53-Ubuntu SMP Wed Jul  16:06:39 UTC 2016 (Ubuntu 4.4.0-34.53-generic 4.4.15)
[    000000 Cmand line BOT_IMAE=boot/mluz-4.40--geneicoot=LAELloudimg-rootfs ro console=tty1 console=ttyS0
[    0.000000] KERNEL supported cpus:
[    0000000]   Intel GnuineIntel
[    0.000000]   MD AthticAD[    0.000000]   Centaur CentaurHauls
[    0.000000] x86/fpu: xstate_offset[2]:  576, xstate_sizes[2]:  256
[    0.000000] x86/fpu: Supporting XSAVE feature 0x01: 'x87 floating point registers'
[    0.000000] x86/fpu: Supporting XSAVE feature 0x02: 'SSE registers'
[    0.000000] x86/fpu: Supporting XSAVE feaur 0x04: 'AVX registers'
[    0.000000 x86/f: nabledxstate features 0x7, context size is 832 bytes, using 'standard' format.
[    0.000000] x86/fpu: Using 'lazy' FPU context switches.
[    0.000000] e820: BIOS-provided physical RAM map:
[    0.000000] BIOS-e820: [mem 0x0000000000000000-0x000000000009fbff] usable
[    0.000000]BI-e820 [m 0x00000009f0-0x000000009ffff rserve
   0.000000BIOS-e80:mem 0x00000000f00-000000000ffff] rerved
[    0.000000] BIOS-e820: [mem 0x0000000000100000-0x000000003ffeffff] usable
[    0.000000] BIOS-e820: [mem 0x000000003fff0000-0x000000003fffffff] ACPI data
[    0.000000] BIOS-e820: [mem 0x00000000fec00000-0x00000000fec00fff] reserved
[    0.000000] BIOS-e820: [mem 0x00000000fee00000-0x00000000fe0ff] seved
[  0.00000]BIOS-20 [mem x000000fffc0000x00000ffffffff] reserved
[    0.000000] X (xeute Dsae) protection: active
[    0.000000] SMBIOS 2.5 present.
[    0.000000] Hypervisor detected: KVM
[    0.000000] e820: last_pfn = 0x3fff0 max_arch_pfn = 0x400000000
[    0.000000] x86/PAT: Configuration [0-7]: WB  WC  UC- UC  WB  WC  UC- WT  
[    0.000000] MTRR: Disabled
[    0.000000] CPU MTRRs all blank - virtualized system.
[    0.00000] found SMP MP-table at [mem 0x0009fff0-0x0009ffff] mapped at [ffff88000009fff0]
[    0.000000] Scanning 1 reafo low memory corruption
[    0.000000] RMDK: [memx31b4000-0x378d1ff]
[  0.00000] CP: Ely table checksum verification disabled
[    0.000000] ACPI: RSDP 0x00000000000E0000 000024 (v02 VBOX  )
[    0.000000] ACPI: XSDT x0000000FFF0030 00003C (v01 VBOX   VBOXXSDT 0000001 ASL  0000061)
    000000] ACPI: FACP 0x000000003FFF00F0 0000F4 (v04 VBOX   VBOXFACP 00000001 ASL  0000006)
[    0.000000] ACPI: DSDT 0x000000003FFF0470 00210F (v01 VBOX   VBOXBIOS 00000002 INTL 20100528)
[    0.000000] ACPI: FACS 0x000000003FFF0200 000040
[    0.000000] ACPI: FACS 0x000000003FFF0200 000040
[    0.000000] ACPI: APIC 0x000000003FFF0240 00005C (v02 VBOX   VBOXAPIC 00000001 ASL  00000061)
[    0.000000] ACPI: SSDT 0x000000003FFF02A0 0001CC (v01 VBOX   VBOXCPUT 00000002 INTL 20100528)
[    0.000000] No NUMA configuration found
[    0.000000] Faking a node at [mem 0x0000000000000000-0x000000003ffeffff]
[    0.000000] NODE_DATA(0) allocated [mem 0x3ffeb000-0x3ffeffff]
[    0.000000] kvm-clock: Using msrs 4b564d01 and 4b564d00
[    0.000000] kvm-clock: cpu 0, msr 0:3ffe7001, primary cpu clock
[    0.000000] kvm-clock: using sched offset of 3119578195 cycles
[    0.000000] clocksource: kvm-clock: mask: 0xffffffffffffffff max_cycles: 0x1cd42e4dffb, max_idle_ns: 881590591483 ns
[    0.000000] Zone ranges:
[    0.000000]   DMA      [mem 0x0000000000001000-0x0000000000ffffff]
[    0.000000]   DMA32    [mem 0x0000000001000000-0x000000003ffeffff]
[    0.000000]   Norrmal   empty
[    0.000000]   Device   empty
[    0.000000] Movable zone startoreacnoe
[    0.000000] Early memory node ranges
[    0.000000]   node   0: [mem 0x0000000000001000-0x000000000009efff]
[    0.000000]   node   0: [mem 0x0000000000100000-0x000000003ffeffff]
[    0.000000] Initmem setup node 0[mem 0x000000000100-0x000003ffff]
[  00000]ACPI: PMimr I Pt: 0x4008
[    0.000000] IOAPIC[0]: apic_id 2, version 32, address 0xfec00000, GSI 0-23
[    0.000000] ACPI: NTRC_OR us 0buirq 0glal_iq dfl dfl)
[    0.000000] ACPI: INT_SRC_OVR (bus 0 bus_irq 9 global_irq 9 high level)
[    0.000000] Using ACPI (MADT) for SMP configuration information
[    0.000000] smpboot: Allowing 2 CPUs, 0 hotplug CPUs
[    0.000000] PM: Registered nosave memory: [mem 0x00000000-0x00000fff]
[    0.000000] PM: Registered nosave memoryy: [me 0009f000x0009ffff]
[    0.00000] PM: Registered nosave memory: [mem 0x000a0000-0x000effff]
[    0.000000] PM: Regiteed nosvememory [mem 0x000f0000-0x000fffff]
[    0.000000] e820: [mem 0x40000000-0xfebfffff] available for PCI devices
[    0.000000] Booting paravirtualized kernel on KVM
[    0.000000] clocksource: refined-jiffies: mask: 0xffffffff max_cycles: 0xffffffff, mx_idlens76455196001168 s[    0.000000] etp_peru:NR_CUS56 nrcpask_bits:256 nr_cpu_id:2r_noe_s:1
[  000000] RCPU:Emeded 33 pescpu @fff88003fc00000 s98008 r8192 d28968 u1048576
[    0.000000] PV qspinlock hash table entries: 256 (order: 0, 4096 bytes)
[    0.000000] Built 1 zonelists in Node order, mobility grouping on.  Total pages: 257913
[    0.000000] Policy zone: DMA32
[    0.000000] Kernel command line: BOOT_IMAGE=/boot/vmlinuz-4.4.0-34-generic root=LABEL=cloudimg-rootfs ro consletty1 console=ttyS0

[    0.000000] PID hash table entries: 4096 (order: 3, 32768 bytes)
[    0.000000] Memory: 1005352K/1048120K available (8394K kernel code, 1282K rwdata, 3944K rodata, 1480K init, 1292K bss, 42768K reserved, 0K cma-reserved)
[    0.000000] SLUB: HWalign=64, Order=0-3, MinObjects=0, CPUs=2, Nodes=1
[    0.000000] Hierarchical RCU implementation.
[    0.000000] 	Build-time adjustment of leaf fanout to 64.
[    0.000000] 	RCU restricting CPUs from NR_CPUS=256 to nr_cpu_ids=2.
[    0.000000] RCU: Adjusting geomey for r_fnout_le=64, nr_u_ids=2
[  0.000000] NR_IRQS:16640 nr_irqs:440 16
[   .00000]onsole: colour VGA+ 80x25
[    0.000000] onole [y1 enle
[   000000] console [ttyS] abled
[    00000] tsc: Detected 1200.000 MHz processor
[    6.772539] Calibrating delay loop (skipped) preset value.. 2400.00 BogoMIPS (lpj=4800000)
[    6.902539] pid_max: default: 32768 minimum: 301
[    6.946833] ACPI: Core revision 20150930
[    6.983691] ACPI: 2 ACPI AML tables successfully acquired and loaded
[    6.988232] Security Framework initialized
[    6.989545] Yama: becoming mindful.
[    6.990736] AppArmor: AppArmor initialized
[    6.998065] Dentry cache hash table entries: 131072 (order: 8, 1048576 bytes)
[    7.023151] Inode-cache hash table entries: 65536 (order: 7, 524288 bytes)
[    7.102950] Mount-cache hash table entries: 2048 (order: 2, 16384 bytes)
[    7.139783] Mountpoint-cache hash table entries: 2048 (order: 2, 16384 bytes)
[    7.151525] Initializing cgroup subsys io
[    7.211241] Initializing cgroup subsys memory
[    7.243046] Initializing cgroup subsys devices
[    7.267244] Initializing cgroup subsys freezer
[    7.272766] Initializing cgroup subsys net_cls
[    7.340968] Initializing cgroup subsys perf_event
[    7.384954] Initializing cgroup subsys net_prio
[    7.442563] Initializing cgroup subsys hugetlb
[    7.480433] Initializing cgroup subsys pids
[    7.493982] CPU: Physical Processor ID: 0
[    7.534767] CPU: Processor Core ID: 0
[    7.589561] mce: CPU supports 0 MCE banks
[    7.627302] Last level iTLB entries: 4KB 64, 2MB 8, 4MB 8
[    7.706842] Last level dTLB entries: 4KB 64, 2MB 0, 4MB 0, 1GB 4
[    7.805566] Freeing SMP alternatives memory: 28K (ffffffff820b4000 - ffffffff820bb000)
[    7.844904] ftrace: allocating 31994 entries in 125 pages
[    7.945003] smpboot: Max logical packages: 1
[    7.994818] smpboot: APIC(0) Converting physical 0 to logical package 0
[    8.092289] x2apic enabled
[    8.127326] Switched APIC routing to physical x2apic.
[    8.144754] ..TIMER: vector=0x30 apic1=0 pin1=2 apic2=-1 pin2=-1
[    8.258177] smpboot: CPU0: Intel(R) Core(TM) M-5Y51 CPU @ 1.10GHz (family: 0x6, model: 0x3d, stepping: 0x4)
[    8.270077] Performance Events: unsupported p6 CPU model 61 no PMU driver, software events only.
[    8.360907] KVM setup paravirtual spinlock
[    8.377261] x86: Booting SMP configuration:
[    8.384330] .... node  #0, CPUs:      #1
[    8.386252] kvm-clock: cpu 1, msr 0:3ffe7041, secondary cpu clock
[    8.398566] mce: CPU supports 0 MCE banks
[    8.412879] x86: Booted up 1 node, 2 CPUs
[    8.459354] smpboot: Total of 2 processors activated (4800.00 BogoMIPS)
[    8.524092] devtmpfs: initialized
[    8.534783] evm: security.selinux
[    8.566377] evm: security.SMACK64
[    8.598284] evm: security.SMACK64EXEC
[    8.634899] evm: security.SMACK64TRANSMUTE
[    8.675916] evm: security.SMACK64MMAP
[    8.731701] evm: security.ima
[    8.763496] evm: security.capability
[    8.799642] clocksource: jiffies: mask: 0xffffffff max_cycles: 0xffffffff, max_idle_ns: 7645041785100000 ns
[    8.880357] pinctrl core: initialized pinctrl subsystem
[    8.934481] RTC time: 20:27:19, date: 08/16/16
[    8.977003] NET: Registered protocol family 16
[    9.032128] cpuidle: using governor ladder
[    9.080014] cpuidle: using governor menu
[    9.102672] PCCT header not found.
[    9.118691] ACPI: bus type PCI registered
[    9.175894] acpiphp: ACPI Hot Plug PCI Controller Driver version: 0.5
[    9.216787] PCI: Using configuration type 1 for base access
[    9.269509] ACPI: Added _OSI(Module Device)
[    9.306095] ACPI: Added _OSI(Processor Device)
[    9.347720] ACPI: Added _OSI(3.0 _SCP Extensions)
[    9.359126] ACPI: Added _OSI(Processor Aggregator Device)
[    9.366257] ACPI: Executed 1 blocks of module-level executable AML code
[    9.378684] ACPI: Interpreter enabled
[    9.400728] ACPI Exception: AE_NOT_FOUND, While evaluating Sleep State [\_S1_] (20150930/hwxface-580)
[    9.502886] ACPI Exception: AE_NOT_FOUND, While evaluating Sleep State [\_S2_] (20150930/hwxface-580)
[    9.511992] ACPI Exception: AE_NOT_FOUND, While evaluating Sleep State [\_S3_] (20150930/hwxface-580)
[    9.542411] ACPI Exception: AE_NOT_FOUND, While evaluating Sleep State [\_S4_] (20150930/hwxface-580)
[    9.654740] ACPI: (supports S0 S5)
[    9.675062] ACPI: Using IOAPIC for interrupt routing
[    9.715210] PCI: Using host bridge windows from ACPI; if necessary, use "pci=nocrs" and report a bug
[    9.800771] ACPI: PCI Root Bridge [PCI0] (domain 0000 [bus 00-ff])
[    9.831775] acpi PNP0A03:00: _OSC: OS supports [ASPM ClockPM Segments MSI]
[    9.911216] acpi PNP0A03:00: _OSC failed (AE_NOT_FOUND); disabling ASPM
[    9.980223] acpi PNP0A03:00: fail to add MMCONFIG information, can't access extended PCI configuration space under this bridge.
[   10.084773] PCI host bridge to bus 0000:00
[   10.119749] pci_bus 0000:00: root bus resource [io  0x0000-0x0cf7 window]
[   10.189602] pci_bus 0000:00: root bus resource [io  0x0d00-0xffff window]
[   10.252662] pci_bus 0000:00: root bus resource [mem 0x000a0000-0x000bffff window]
[   10.303100] pci_bus 0000:00: root bus resource [mem 0x40000000-0xffdfffff window]
[   10.320403] pci_bus 0000:00: root bus resource [bus 00-ff]
[   10.336958] pci 0000:00:01.1: legacy IDE quirk: reg 0x10: [io  0x01f0-0x01f7]
[   10.380363] pci 0000:00:01.1: legacy IDE quirk: reg 0x14: [io  0x03f6]
[   10.428703] pci 0000:00:01.1: legacy IDE quirk: reg 0x18: [io  0x0170-0x0177]
[   10.477269] pci 0000:00:01.1: legacy IDE quirk: reg 0x1c: [io  0x0376]
[   10.526615] ACPI: PCI Interrupt Link [LNKA] (IRQs 5 9 10 *11)
[   10.576461] ACPI: PCI Interrupt Link [LNKB] (IRQs 5 9 10 *11)
[   10.625695] ACPI: PCI Interrupt Link [LNKC] (IRQs 5 9 *10 11)
[   10.629113] ACPI: PCI Interrupt Link [LNKD] (IRQs 5 *9 10 11)
[   10.631426] ACPI: Enabled 2 GPEs in block 00 to 07
[   10.673024] vgaarb: setting as boot device: PCI:0000:00:02.0
[   10.735080] vgaarb: device added: PCI:0000:00:02.0,decodes=io+mem,owns=io+mem,locks=none
[   10.785629] vgaarb: loaded
[   10.804763] vgaarb: bridge control possible 0000:00:02.0
[   10.834140] SCSI subsystem initialized
[   10.867989] ACPI: bus type USB registered
[   10.873199] usbcore: registered new interface driver usbfs
[   10.881755] usbcore: registered new interface driver hub
[   10.939460] usbcore: registered new device driver usb
[   10.983444] PCI: Using ACPI for IRQ routing
[   11.020075] NetLabel: Initializing
[   11.051501] NetLabel:  domain hash size = 128
[   11.099899] NetLabel:  protocols = UNLABELED CIPSOv4
[   11.108549] NetLabel:  unlabeled traffic allowed by default
[   11.110343] clocksource: Switched to clocksource kvm-clock
[   1.33] pAorAprmorFiesst Eabed
[ 11.812704] pnp: PnP ACPI init
[   1.88] p:nPCP fnd3 vis
[   12.426465] clocksource: acpi_pm: mask: 0xffffff max_cycles: 0xffffff, max_idle_ns: 2085701024 ns
[   12.437134] NET: Registered protocol family 2
[   12.438655] TCP established hash table entries: 8192 (order: 4, 65536 bytes)
[   12.532681] TCP bind hash table entries: 8192 (order: 5, 131072 bytes)
[   12.567579] TCP: Hash tables configured (established 8192 bind 8192)
[   12.569356] UDP hash table entries: 512 (order: 2, 16384 bytes)
[   12.573282] UDP-Lite hash table entries: 512 (order: 2, 16384 bytes)
[   12.601496] NET: Registered protocol family 1
[   12.612685] pci 0000:00:00.0: Limiting direct PCI/PCI transfers
[   12.624533] pci 0000:00:01.0: Activating ISA DMA hang workarounds
[   12.635667] Trying to unpack rootfs image as initramfs...
[   14.279156] Freeing initrd memory: 7288K (ffff8800371b4000 - ffff8800378d2000)
[   14.341195] RAPL PMU detected, API unit is 2^-32 Joules, 4 fixed counters 10737418240 ms ovfl timer
[   14.396039] hw unit of domain pp0-core 2^-0 Joules
[   14.440662] hw unit of domain package 2^-0 Joules
[   14.487210] hw unit of domain dram 2^-0 Joules
[   14.495634] hw unit of domain pp1-gpu 2^-0 Joules
[   14.497020] platform rtc_cmos: registered platform RTC device (no PNP device found)
[   14.521352] Scanning for low memory corruption every 60 seconds
[   14.555919] futex hash table entries: 512 (order: 3, 32768 bytes)
[   14.692459] audit: initializing netlink subsys (disabled)
[   14.778089] audit: type=2000 audit(1471379238.703:1): initialized
[   14.851740] Initialise system trusted keyring
[   14.905497] HugeTLB registered 2 MB page size, pre-allocated 0 pages
[   14.956402] zbud: loaded
[   14.961681] VFS: Disk quotas dquot_6.6.0
[   14.972366] VFS: Dquot-cache hash table entries: 512 (order 0, 4096 bytes)
[   14.985554] squashfs: version 4.0 (2009/01/31) Phillip Lougher
[   15.006281] fuse init (API version 7.23)
[   15.014966] Key type big_key registered
[   15.033992] Allocating IMA MOK and blacklist keyrings.
[   15.056544] Key type asymmetric registered
[   15.116388] Asymmetric key parser 'x509' registered
[   15.162604] Block layer SCSI generic (bsg) driver version 0.4 loaded (major 249)
[   15.165444] io scheduler noop registered
[   15.173210] io scheduler deadline registered (default)
[   15.175073] io scheduler cfq registered
[   15.187111] pci_hotplug: PCI Hot Plug PCI Core version: 0.5
[   15.284521] pciehp: PCI Express Hot Plug Controller Driver version: 0.4
[   15.388826] ACPI: AC Adapter [AC] (off-line)
[   15.472004] input: Power Button as /devices/LNXSYSTM:00/LNXPWRBN:00/input/input0
[   15.497500] tsc: Refined TSC clocksource calibration: 1200.638 MHz
[   15.497503] clocksource: tsc: mask: 0xffffffffffffffff max_cycles: 0x114e7664519, max_idle_ns: 440795217453 ns
[   15.662258] ACPI: Power Button [PWRF]
[   15.725592] input: Sleep Button as /devices/LNXSYSTM:00/LNXSLPBN:00/input/input1
[   15.727669] ACPI: Sleep Button [SLPF]
[   15.729049] GHES: HEST is not enabled!
[   15.730188] ACPI: Battery Slot [BAT0] (battery present)
[   15.758105] Serial: 8250/16550 driver, 32 ports, IRQ sharing enabled
[   15.831617] 00:02: ttyS0 at I/O 0x3f8 (irq = 4, base_baud = 115200) is a 16550A
[   15.951471] Linux agpgart interface v0.103
[   16.002555] brd: module loaded
[   16.011647] loop: module loaded
[   16.054009] scsi host0: ata_piix
[   16.062738] scsi host1: ata_piix
[   16.063840] ata1: PATA max UDMA/33 cmd 0x1f0 ctl 0x3f6 bmdma 0xd000 irq 14
[   16.065717] ata2: PATA max UDMA/33 cmd 0x170 ctl 0x376 bmdma 0xd008 irq 15
[   16.071003] libphy: Fixed MDIO Bus: probed
[   16.088185] tun: Universal TUN/TAP device driver, 1.6
[   16.103679] tun: (C) 1999-2004 Max Krasnyansky <maxk@qualcomm.com>
[   16.119043] PPP generic driver version 2.4.2
[   16.125739] ehci_hcd: USB 2.0 'Enhanced' Host Controller (EHCI) Driver
[   16.149915] ehci-pci: EHCI PCI platform driver
[   16.184991] ehci-platform: EHCI generic platform driver
[   16.274820] ohci_hcd: USB 1.1 'Open' Host Controller (OHCI) Driver
[   16.287023] ohci-pci: OHCI PCI platform driver
[   16.296165] ohci-platform: OHCI generic platform driver
[   16.297703] uhci_hcd: USB Universal Host Controller Interface driver
[   16.306125] i8042: PNP: PS/2 Controller [PNP0303:PS2K,PNP0f03:PS2M] at 0x60,0x64 irq 1,12
[   16.354274] serio: i8042 KBD port at 0x60,0x64 irq 1
[   16.417776] serio: i8042 AUX port at 0x60,0x64 irq 12
[   16.491018] mousedev: PS/2 mouse device common for all mice
[   16.501683] rtc_cmos rtc_cmos: rtc core: registered rtc_cmos as rtc0
[   16.536330] input: AT Translated Set 2 keyboard as /devices/platform/i8042/serio0/input/input2
[   16.662141] rtc_cmos rtc_cmos: alarms up to one day, 114 bytes nvram
[   16.761016] i2c /dev entries driver
[   16.8340] device-mapper: uevent: version 1.0.3
[   16.873253] device-mapper: ioctl: 4.34.0-ioctl (2015-10-28) initialised: dm-devel@redhat.com
[   16.962389] ledtrig-cpu: registered to indicate activity on CPUs
[   17.023927] NET: Registered protocol family 10
[   17.115228] NET: Registered protocol family 17
[   17.171160] Key type dns_resolver registered
[   17.193343] microcode: CPU0 sig=0x306d4, pf=0x40, revision=0x0
[   17.218791] microcode: CPU1 sig=0x306d4, pf=0x40, revision=0x0
[   17.227031] microcode: Microcode Update Driver: v2.01 <tigran@aivazian.fsnet.co.uk>, Peter Oruba
[   17.247929] registered taskstats version 1
[   17.269462] Loading compiled-in X.509 certificates
[   17.341643] Loaded X.509 cert 'Build time autogenerated kernel key: c40ffa48d8617ce4553ee3ab59017c95e74f2501'
[   17.396142] zswap: loaded using pool lzo/zbud
[   17.409446] Key type trusted registered
[   17.416974] Key type encrypted registered
[   17.418313] AppArmor: AppArmor sha1 policy hashing enabled
[   17.424705] ima: No TPM chip found, activating TPM-bypass!
[   17.426514] evm: HMAC attrs: 0x1
[   17.430658]   Magic number: 12:263:498
[   17.492454] rtc_cmos rtc_cmos: setting system clock to 2016-08-16 20:27:27 UTC (1471379247)
[   17.529520] BIOS EDD facility v0.16 2004-Jun-25, 0 devices found
[   17.548886] EDD information not available.
[   17.604360] Freeing unused kernel memory: 1480K (ffffffff81f42000 - ffffffff820b4000)
[   17.607797] Write protecting the kernel read-only data: 14336k
[   17.621286] Freeing unused kernel memory: 1832K (ffff880001836000 - ffff880001a00000)
[   17.653976] Freeing unused kernel memory: 152K (ffff880001dda000 - ffff880001e00000)
Loading, please [   17.735850] random: systemd-udevd urandom read with 7 bits of entropy available
wait...
starting version 229
[   17.796663] Fusion MPT base driver 3.04.20
[   17.799800] Copyright (c) 1999-2008 LSI Corporation
[   17.801428] e1000: Intel(R) PRO/1000 Network Driver - version 7.3.21-k8-NAPI
[   17.820128] e1000: Copyright (c) 1999-2006 Intel Corporation.
[   17.851155] Fusion MPT SPI Host driver 3.04.20
[   18.049391] AVX version of gcm_enc/dec engaged.
[   18.056985] AES CTR mode by8 optimization enabled
[   18.201894] input: ImExPS/2 Generic Explorer Mouse as /devices/platform/i8042/serio1/input/input4
[   18.315138] e1000 0000:00:03.0 eth0: (PCI:33MHz:32-bit) 02:af:4b:8e:d4:f5
[   18.369379] e1000 0000:00:03.0 eth0: Intel(R) PRO/1000 Network Connection
[   18.428841] mptbase: ioc0: Initiating bringup
[   18.430079] e1000 0000:00:03.0 enp0s3: renamed from eth0
[   18.702443] ioc0: LSI53C1030 A0: Capabilities={Initiator}
[   19.825568] scsi host2: ioc0: LSI53C1030 A0, FwRev=00000000h, Ports=1, MaxQ=256, IRQ=20
[   20.542413] scsi 2:0:0:0: Direct-Access     VBOX     HARDDISK         1.0  PQ: 0 ANSI: 5
[   20.625160] scsi target2:0:0: Beginning Domain Validation
[   20.660889] scsi target2:0:0: Domain Validation skipping write tests
[   20.723024] scsi target2:0:0: Ending Domain Validation
[   20.755874] scsi target2:0:0: asynchronous
[   20.776522] scsi 2:0:1:0: Direct-Access     VBOX     HARDDISK         1.0  PQ: 0 ANSI: 5
[   20.816759] scsi target2:0:1: Beginning Domain Validation
[   20.889207] scsi target2:0:1: Domain Validation skipping write tests
[   21.083350] scsi target2:0:1: Ending Domain Validation
[   21.083421] floppy0: no floppy controllers found
[   21.083467] work still pending
[   21.209013] scsi target2:0:1: asynchronous
[   21.262786] sd 2:0:0:0: Attached scsi generic sg0 type 0
[   21.308549] sd 2:0:0:0: [sda] 20971520 512-byte logical blocks: (10.7 GB/10.0 GiB)
[   21.435044] sd 2:0:0:0: [sda] Write Protect is off
[   21.435804] sd 2:0:1:0: Attached scsi generic sg1 type 0
[   21.495428] sd 2:0:1:0: [sdb] 20480 512-byte logical blocks: (10.5 MB/10.0 MiB)
[   21.495722] sd 2:0:1:0: [sdb] Write Protect is off
[   21.495821] sd 2:0:1:0: [sdb] Incomplete mode parameter data
[   21.495822] sd 2:0:1:0: [sdb] Assuming drive cache: write through
[   21.498732] sd 2:0:1:0: [sdb] Attached SCSI disk
[   21.695526] sd 2:0:0:0: [sda] Incomplete mode parameter data
[   21.752352] sd 2:0:0:0: [sda] Assuming drive cache: write through
[   21.775743]  sda: sda1
[   21.808840] sd 2:0:0:0: [sda] Attached SCSI disk
Begin: Loading e[   23.288767] md: linear personality registered for level -1
ssential drivers[   23.334486] md: multipath personality registered for level -4
 ... [   23.416192] md: raid0 personality registered for level 0
[   23.471740] md: raid1 personality registered for level 1
[   23.634398] raid6: sse2x1   gen()  8016 MB/s
[   23.746596] raid6: sse2x1   xor()  5748 MB/s
[   23.838559] raid6: sse2x2   gen()  9168 MB/s
[   23.962437] raid6: sse2x2   xor()  4207 MB/s
[   24.078898] raid6: sse2x4   gen()  8376 MB/s
[   24.202364] raid6: sse2x4   xor()  6746 MB/s
[   24.251345] raid6: using algorithm sse2x2 gen() 9168 MB/s
[   24.272493] raid6: .... xor() 4207 MB/s, rmw enabled
[   24.304907] raid6: using ssse3x2 recovery algorithm
[   24.369789] xor: automatically using best checksumming function:
[   24.450536]    avx       : 23189.000 MB/sec
[   24.501260] async_tx: api initialized (async)
[   24.569059] md: raid6 personality registered for level 6
[   24.582763] md: raid5 personality registered for level 5
[   24.634846] md: raid4 personality registered for level 4
[   24.748540] md: raid10 personality registered for level 10
done.
Begin: Running /scripts/init-premount ... done.
Begin: Mounti[   24.824521] Btrfs loaded
ng root file system ... Begin: Running /scripts/local-top ... done.
Begin: Running /scripts/local-premount ... Scanning for Btrfs filesystems
done.
Warning: fsck no[   24.880355] EXT4-fs (sda1): mounted filesystem with ordered data mode. Opts: (null)
t present, so skipping root file system
done.
Begin: Running /scripts/local-bottom ... done.
Begin: Running /scripts/init-bottom ... Warning: overlayroot: debug is busted
done.
[   25.081455] systemd[1]: systemd 229 running in system mode. (+PAM +AUDIT +SELINUX +IMA +APPARMOR +SMACK +SYSVINIT +UTMP +LIBCRYPTSETUP +GCRYPT +GNUTLS +ACL +XZ -LZ4 +SECCOMP +BLKID +ELFUTILS +KMOD -IDN)
[   25.163998] systemd[1]: Detected virtualization oracle.
[   25.195392] systemd[1]: Detected architecture x86-64.

Welcome to [1mUbuntu 16.04.1 LTS[0m!

[   25.2325] systemd[1]: Se htne  <ubuntu
[   25.556560] systemd[1]: Initializing machine ID from random generator.
[   25.613878] systemd[1]: Installed transient /etc/machine-id file.
[   25.757827] systemd[1]: Created slice System Slice.
[[0;32m  OK  [0m] Created slice System Slice.
[  2.815] sysem1]Rehed target Swap.

[[0;32m  OK  [0m] Reached target Swap.
[  26212337] systemd[1]: Created slice User and Session Slice.

[[0;32m  OK  [0m] Created slice User and Session Slice.
[   23768] sytemd[1]: Created slice system-erial\x2dgttsle.
[[0;32m  OK  [0m] Created slice system-serial\x2dgetty.slice.
[ 26763164 sted[1]: Sard rwd asor Requests o Wa Dreory Watc
[[0;32m  OK  [0m] Started Forward Password Requests to Wall Directory Watch.
[   27.592218] systemd[1]: Listening on Devicemaerve dmo FIFOs.
[[0;32m  OK  [0m] Listening on Device-mapper event daemon FIFOs.
[   27.875223] systemd[1]: Listening on LVM2 metadata daemon socket.
[[0;32m  OK  [0m] Listening on LVM2 metadata daemon socket.
[   27.885743] systemd[1]: Listening on Journal Socket (/dev/log).
[[0;32m  OK  [0m] Listening on Journal Socket (/dev/log).
[   27.911214] systemd[1]: Reached target Slices.
[[0;32m  OK  [0m] Reached target Slices.
[   27.925352] systemd[1]: Listening on LVM2 poll daemon socket.
[[0;32m  OK  [0m] Listening on LVM2 poll daemon socket.
[   27.948948] systemd[1]: Listening on udev Kernel Socket.
[[0;32m  OK  [0m] Listening on udev Kernel Socket.
[   27.967075] systemd[1]: Listening on /dev/initctl Compatibility Named Pipe.
[[0;32m  OK  [0m] Listening on /dev/initctl Compatibility Named Pipe.
[   27.971235] systemd[1]: Reached target Encrypted Volumes.
[[0;32m  OK  [0m] Reached target Encrypted Volumes.
[   27.974920] systemd[1]: Listening on Syslog Socket.
[[0;32m  OK  [0m] Listening on Syslog Socket.
[   27.985074] systemd[1]: Listening on udev Control Socket.
[[0;32m  OK  [0m] Listening on udev Control Socket.
[   27.998913] systemd[1]: Set up automount Arbitrary Executab Fe orat Fle Sst AtomountPoin.

[[0;32m  OK  [0m] Set up automount Arbitrary Executab...ats File System Automount Point.
[ 288208syemd[1]: Listening on Journal Socket.
[[0;32m  OK  [0m] Listening on Journal Socket.
[   28.911383] systemd[1]: Mounting Debug File System...
[   28.968698] random: nonblocking pool is initialized
         Mounting Debug File System...
[   29.091045] systemd[1]: Starting Remount Root and Kernel File Systems...
         Starting Remount Root and Kernel File Systems...
[   29.142762] EXT4-fs (sda1): re-mounted. Opts: (null)
[   29.143452] systemd[1]: Starting Load Kernel Modules...
         Starting Load Kernel Modules...
[   29.165199] Loading iSCSI transport class v2.0-870.
[   29.165373] systemd[1]: Mounting Huge Pages File System...
         Mounting Huge Pages File System...
[   29.359050] systemd[1]: Starting Uncomplicated firewall...
[   29.387681] iscsi: registered transport (tcp)
         Starting Uncomplicated firewall...
[   29.411473] systemd[1]: Listening on Journal Audit Socket.
[[0;32m  OK  [0m] Listening on Journal Audit Socket.
[   29.464869] systemd[1]: Starting Journal Service...
         Starting Journal Service...
[   29.525834] systemd[1]: Reached target User and Group Name Lookups.
[[0;32m  OK  [0m] Reached target User and Group Name Lookups.
[   29.531830] systemd[1]: Starting Monitoring of LVM2 mirrors, snapshots etc. using dmeventd or progress polling...
         [   29.549788] iscsi: registered transport (iser)
Starting Monitoring of LVM2 mirrors... dmeventd or progress polling...
[   29.606777] systemd[1]: Starting Set console keymap...
         Starting Set console keymap...
[   29.703313] systemd[1]: Starting Create list of required static device nodes for the current kernel...
         Starting Create list of required st... nodes for the current kernel...
[   29.886869] systemd[1]: Starting Nameserver information manager...
         Starting Nameserver information manager...
[   29.983241] systemd[1]: Mounting POSIX Message Queue File System...
         Mounting POSIX Message Queue File System...
[ 301155 systemd[1]: ouedOS Messgeue FleSystm.
[[0;32m  OK  [0m] Mounted POSIX Message Queue File System.
[   30.792838] systemd[1]: Mounted Debug File System.
[[0;32m  OK  [0m] Mounted Debug File System.
[   30.803804] systemd[1]: Mounted Huge Pages File System.
[[0;32m  OK  [0m] Mounted Huge Pages File System.
[   30.838997] systemd[1]: Started Journal Service.
[[0;32m  OK  [0m] Started Journal Service.
[[0;32m  OK  [0m] Started Remount Root and Kernel File Systems.
[[0;32m  OK  [0m] Started Load Kernel Modules.
[[0;32m  OK  [0m] Started Uncomplicated firewall.
[[0;32m  OK  [0m] Started Set console keymap.
[[0;32m  OK  [0m] Started Create list of required sta...ce nodes for the current kernel.
[[0;32m  OK  [0m] Started Nameserver information manager.
[[0;32m  OK  [0m] Started LVM2 metadata daemon.
         Starting Create Static Device Nodes in /dev...
         Starting Apply Kernel Variables...
         Mounting FUSE Control File System...
         Starting Load/Save Random Seed...
         Starting udev Coldplug all Devices...
         Starting Flush Journal to Persistent Storage...
[[0;32m  OK  [0m] Mounted FUSE Control File System.
[[0;32m  OK  [0m] Started Create Static Device Nodes in /dev.
[[0;32m  OK  [0m] Started Apply Kernel Variables.
[[0;32m  OK  [0m] Started Monitoring of LVM2 mirrors,...ng dmeventd or progress polling.
[[0;32m  OK  [0m] Started Load/Save Random Seed.
[[0;32m  OK  [0m] Started udev Coldplug all Devices.
[[0;32m  OK  [0m] Started Flush Journal to Persistent Storage.
         Starting udev Kernel Device Manager...
[[0;32m  OK  [0m] Started udev Kernel Device Manager.
[[0;32m  OK  [0m] Started Dispatch Password Requests to Console Directory Watch.
[[0;32m  OK  [0m] Reached target Local File Systems (Pre).
[[0;32m  OK  [0m] Reached target Local File Systems.
         Starting Set console font and keymap...
         Starting Commit a transient machine-id on disk...
         Starting Create Volatile Files and Directories...
         Starting LSB: AppArmor initialization...
         Starting Initial cloud-init job (pre-networking)...
         Starting Tell Plymouth To Write Out Runtime Data...
[[0;32m  OK  [0m] Started Commit a transient machine-id on disk.
[[0;32m  OK  [0m] Started Create Volatile Files and Directories.
[[0;32m  OK  [0m] Started Tell Plymouth To Write Out Runtime Data.
[[0;32m  OK  [0m] Started Set console font and keymap.
[[0;32m  OK  [0m] Created slice system-getty.slice.
         Starting Network Time Synchronization...
         Starting Update UTMP about System Boot/Shutdown...
[[0;32m  OK  [0m] Started Network Time Synchronization.
[[0;32m  OK  [0m] Started Update UTMP about System Boot/Shutdown.
[[0;32m  OK  [0m] Found device /dev/ttyS0.
[[0;32m  OK  [0m] Reached target System Time Synchronized.
[[0;32m  OK  [0m] Listening on Load/Save RF Kill Switch Status /dev/rfkill Watch.
[   23.185281] cloud-init[1281]: Cloud-init v. 0.7.7 running 'init-local' at Tue, 16 Aug 2016 20:27:43 +0000. Up 22.73 seconds.
[[0;32m  OK  [0m] Started LSB: AppArmor initialization.
[[0;32m  OK  [0m] Started Initial cloud-init job (pre-networking).
[[0;32m  OK  [0m] Reached target Network (Pre).
         Starting Raise network interfaces...
[[0;32m  OK  [0m] Reached target System Initialization.
[[0;32m  OK  [0m] Started Daily apt activities.
[[0;32m  OK  [0m] Started ACPI Events Check.
[[0;32m  OK  [0m] Started Timer to automatically refresh installed snaps.
[[0;32m  OK  [0m] Listening on ACPID Listen Socket.
         Starting Socket activation for snappy daemon.
[[0;32m  OK  [0m] Listening on D-Bus System Message Bus Socket.
         Starting LXD - unix socket.
[[0;32m  OK  [0m] Started Trigger resolvconf update for networkd DNS.
[[0;32m  OK  [0m] Reached target Paths.
[[0;32m  OK  [0m] Started Daily Cleanup of Temporary Directories.
[[0;32m  OK  [0m] Reached target Timers.
[[0;32m  OK  [0m] Listening on UUID daemon activation socket.
[[0;32m  OK  [0m] Listening on Socket activation for snappy daemon.
[[0;32m  OK  [0m] Listening on LXD - unix socket.
[[0;32m  OK  [0m] Reached target Sockets.
[[0;32m  OK  [0m] Reached target Basic System.
         Starting Accounts Service...
         Starting System Logging Service...
[[0;32m  OK  [0m] Started Deferred execution scheduler.
[[0;32m  OK  [0m] Started ACPI event daemon.
         Starting Login Service...
[[0;32m  OK  [0m] Started FUSE filesystem for LXC.
[[0;32m  OK  [0m] Started Regular background program processing daemon.
         Starting LSB: MD monitoring daemon...
         Starting LXD - container startup/shutdown...
[[0;32m  OK  [0m] Started D-Bus System Message Bus.
         Starting LSB: Record successful boot for GRUB...
[[0;32m  OK  [0m] Started Snappy daemon.
[[0;32m  OK  [0m] Started System Logging Service.
[[0;32m  OK  [0m] Started LXD - container startup/shutdown.
[[0;32m  OK  [0m] Started LSB: MD monitoring daemon.
[[0;32m  OK  [0m] Started Login Service.
[[0;32m  OK  [0m] Started LSB: Record successful boot for GRUB.
         Starting Authenticate and Authorize Users to Run Privileged Tasks...
[[0;32m  OK  [0m] Started Authenticate and Authorize Users to Run Privileged Tasks.
[[0;32m  OK  [0m] Started Accounts Service.
[[0;32m  OK  [0m] Started Raise network interfaces.
         Starting Initial cloud-init job (metadata service crawler)...
[[0;32m  OK  [0m] Reached target Network.
[   26.431257] cloud-init[2064]: Cloud-init v. 0.7.7 running 'init' at Tue, 16 Aug 2016 20:27:46 +0000. Up 25.81 seconds.
[[0;32m  OK  [0m] Started Initial cloud-init job (metadata service crawler).
[[   26.528561] cloud-init[2064]: ci-info: +++++++++++++++++++++++++++++++++++++Net device info++++++++++++++++++++++++++++++++++++++
[   26.595080] cloud-init[2064]: ci-info: +--------+------+----------------------------+---------------+-------+-------------------+
[   26.595338] [0;32m  OK  [0mcloud-init] [2064]: Reached target Network is Online.ci-info: | Device |  Up  |          Address           |      Mask     | Scope |     Hw-Address    |

[   26.828773] cloud-init[2064]: ci-info: +--------+------+----------------------------+---------------+-------+-------------------+
         Starting /etc/rc.local Compatibility...
[   26.829254] cloud-init[2064]: ci-info: |   lo   | True |         127.0.0.1          |   255.0.0.0   |   .   |         .         |
[   26.878034] cloud-init[2064]: ci-info: |   lo   | True |          ::1/128           |       .       |  host |         .         |
         Starting Seed the pseudo random number generator on first boot...
[   26.878369] cloud-init[2064]: ci-info: | enp0s3 | True |         10.0.2.15          | 255.255.255.0 |   .   | 02:af:4b:8e:d4:f5 |
[   26.968759] cloud-init[2064]: ci-info: | enp0s3 | True | fe80::af:4bff:fe8e:d4f5/64 |       .       |  link | 02:af:4b:8e:d4:f5 |
         Starting iSCSI initiator daemon (iscsid)...
[   26.969038] cloud-init[2064]: ci-info: +--------+------+----------------------------+---------------+-------+-------------------+
[   27.077611] cloud-init[2064]: ci-info: +++++++++++++++++++++++++++Route IPv4 info++++++++++++++++++++++++++++
[   27.078069] cloud-init[2064]: ci-info: +-------+-------------+----------+---------------+-----------+-------+
[[0;32m  OK  [0m] Reached target Cloud-config availability.
[   27.078345] cloud-init[2064]: ci-info: | Route | Destination | Gateway  |    Genmask    | Interface | Flags |
[   27.264826] cloud-init[2064]: ci-info: +-------+-------------+----------+---------------+-----------+-------+
[   27.265163] cloud-init[2064]: ci-info: |   0   |   0.0.0.0   | 10.0.2.2 |    0.0.0.0    |   enp0s3  |   UG  |
         Starting Apply the settings specified in cloud-config...
[   27.265388] cloud-init[2064]: ci-info: |   1   |   10.0.2.0  | 0.0.0.0  | 255.255.255.0 |   enp0s3  |   U   |
[[   27.440745] cloud-init[2064]: ci-info: +-------+-------------+----------+---------------+-----------+-------+
[0;32m  OK  [0m] Started /etc/rc.local Compatibility.
[   27.441846] cloud-init[2064]: Generating public/private rsa key pair.
[   27.506047] cloud-init[2064]: Your identification has been saved in /etc/ssh/ssh_host_rsa_key.
[[0;32m  OK  [0m] Started Seed the pseudo random number generator on first boot.
[   27.506381] cloud-init[2064]: Your public key has been saved in /etc/ssh/ssh_host_rsa_key.pub.
[   27.700616] cloud-init[2064]: The key fingerprint is:
[   27.700981] cloud-init[2064]: SHA256:XghI2wrxDdY8HfszmFWzWjgRGABOo8p4at4pJq8As+Y root@ubuntu-xenial
[[0;32m  OK  [0m] Started iSCSI initiator daemon (iscsid).
[   27.701224] cloud-init[2064]: The key's randomart image is:
[   27.860580] cloud-init[2064]: +---[RSA 2048]----+
         Starting Login to default iSCSI targets...
[   27.898076] cloud-init[2064]: |  . B+.oo+o.o    |
         Starting OpenBSD Secure Shell server...
[   27.956333] cloud-init[2064]: |   O B+ o. + o   |
[   28.005172] [cloud-init[0;32m  OK  [0m[2064]: ] |  o = +.. + o    |Started OpenBSD Secure Shell server.

[   28.005762] cloud-init[2064]: |o. . . . * +     |
[   28.116327] cloud-init[2064]: |=.. .   S *      |
[[0;32m  OK  [0m] Started Login to default iSCSI targets.
[   28.155073] cloud-init[2064]: |.=     . . o     |
[   28.228512] cloud-init[2064]: |+o      .        |
[   28.250287] cloud-init[2064]: |Bo. .            |
[[0;32m  OK  [0m] Reached target Remote File Systems (Pre).
[[0;32m  OK  [0m] Reached target Remote File Systems.
[   28.273350] cloud-init[2064]: |+Eoo             |
[   28.364992] cloud-init[2064]: +----[SHA256]-----+
         Starting LSB: daemon to balance interrupts for SMP systems...
[   28.410993] cloud-init[2064]: Generating public/private dsa key pair.
[   28.457090] cloud-init[2064]: Your identification has been saved in /etc/ssh/ssh_host_dsa_key.
         Starting LSB: automatic crash report generation...
[   28.475757] cloud-init[2064]: Your public key has been saved in /etc/ssh/ssh_host_dsa_key.pub.
         Starting LSB: Set the CPU Frequency Scaling governor to "ondemand"...
[   28.591093] cloud-init[2064]: The key fingerprint is:
[   28.640670] cloud-init[2064]: SHA256:VjNYVbC+7pVPghtx/g0lFWIPpgDPr14R8SpF3Bu4DMQ root@ubuntu-xenial
         Starting Permit User Sessions...
[[0;32m  OK  [0m] Started Permit User Sessions.
[   28.712217] cloud-init[2064]: The key's randomart image is:
[   28.755371] cloud-init[2064]: +---[DSA 1024]----+
[   28.780871] [[0;32m  OK  [0m] Started LSB: daemon to balance interrupts for SMP systems.
cloud-init[2064]: |       .+oo+=B.. |
[   28.808434] [cloud-init[0;32m  OK  [0m[2064]: ] |        oEoo*++ .|Started LSB: automatic crash report generation.

[   28.809023] cloud-init[2064]: |        .o*+o.o..|
[   28.913280] cloud-init[2064]: |         .o*o. . |
[   28.952861] cloud-init[2064]: |        S. +o o .|
         Starting Hold until boot process finishes up...
[   28.980748] cloud-init[2064]: |       .  o .* + |
[   29.052945] cloud-init[2064]: |         . .+ * .|
         Starting Terminate Plymouth Boot Screen...
[[0;32m  OK  [0m] Started LSB: Set the CPU Frequency Scaling governor to "ondemand".
[   29.104479] cloud-init[2064]: |        . .. + *.|
[   29.245344] cloud-init[2064]: |         . .+   +|
[   29.281013] cloud-init[2064]: +----[SHA256]-----+
[[0;32m  OK  [0m] Started Hold until boot process finishes up.
[[0;32m  OK  [0m] Started Terminate Plymouth Boot Screen.
[   29.312787] cloud-init[2064]: Generating public/private ecdsa key pair.
         Stopping OpenBSD Secure Shell server...
[   29.412652] cloud-init[2064]: Your identification has been saved in /etc/ssh/ssh_host_ecdsa_key.
[   29.480501] [cloud-init[0;32m  OK  [0m[2064]: ] Your public key has been saved in /etc/ssh/ssh_host_ecdsa_key.pub.Started Getty on tty1.

[   29.481988] cloud-init[2064]: The key fingerprint is:
[   29.563913]          cloud-initStarting Set console scheme...[2064]: 
SHA256:UBiYl6v0qgMJm6Eg55BLSYQHsbZ6F2PWTs6XrLfq7ek root@ubuntu-xenial
[   29.596866] [cloud-init[0;32m  OK  [0m[2064]: ] The key's randomart image is:Started Serial Getty on ttyS0.

[   29.685035] [cloud-init[0;32m  OK  [0m[2064]: ] +---[ECDSA 256]---+Reached target Login Prompts.

[   29.685853] [cloud-init[0;32m  OK  [0m[2064]: ] |=+   o.+.        |Stopped OpenBSD Secure Shell server.

[[0;32m  OK  [0m] Started Set console scheme.
[   29.775105] cloud-init[2064]: |.o. o +.         |
[   29.834696]          cloud-initStarting OpenBSD Secure Shell server...[2064]: 
|o+.  ...         |
[   29.920798] [cloud-init[0;32m  OK  [0m[2064]: ] |Ooo ....         |Started OpenBSD Secure Shell server.

[   29.921779] cloud-init[2064]: |*@ .=oo S        |
[   29.977161] cloud-init[2064]: |O .o.B.. .       |
[   30.020807] cloud-init[2064]: |... ..+ +        |
[   30.040491] cloud-init[2064]: | ....  +..       |
[   30.068661] cloud-init[2064]: |  .o .+=E.       |
[   30.100695] cloud-init[2064]: +----[SHA256]-----+
[   30.132020] cloud-init[2064]: Generating public/private ed25519 key pair.
[   30.184897] cloud-init[2064]: Your identification has been saved in /etc/ssh/ssh_host_ed25519_key.
[   30.269512] cloud-init[2064]: Your public key has been saved in /etc/ssh/ssh_host_ed25519_key.pub.
[   30.341080] cloud-init[2064]: The key fingerprint is:
[   30.341837] cloud-init[2064]: SHA256:NPtp88cFMjmjYL7hjChE9Us8kQwf8cerf85pc3EsJBI root@ubuntu-xenial
[[0;32m  OK  [0m] Started Apply the settings specified in cloud-config.
[   30.342107] cloud-init[2064]: The key's randomart image is:
[   30.520521] cloud-init[2064]: +--[ED25519 256]--+
[   30.521147] cloud-init[2064]: |    .ooo         |
         Starting Execute cloud user/final scripts...
[   30.521410] cloud-init[2064]: |    ..+o .E      |
[   30.604840] cloud-init[2064]: |   . o..+ o. .   |
[   30.636540] cloud-init[2064]: |  .   =.o+..B o  |
[   30.664850] cloud-init[2064]: | .   . =S..o B o |
[   30.696717] cloud-init[2064]: |  .   . oo..  o +|
[   30.719005] cloud-init[2064]: | .   . +.o=  . = |
[   30.732621] cloud-init[2064]: |  . . . +o ++.+  |
[   30.758189] cloud-init[2064]: |   .      .+=+   |
[   30.796505] cloud-init[2064]: +----[SHA256]-----+
[   30.814321] cloud-init[2193]: Generating locales (this might take a while)...
[   30.851694] cloud-init[2193]:   en_US.UTF-8... done
[   30.892497] cloud-init[2193]: Generation complete.
[   30.924500] cloud-init[2193]: Cloud-init v. 0.7.7 running 'modules:config' at Tue, 16 Aug 2016 20:27:48 +0000. Up 27.59 seconds.
ci-info: no authorized ssh keys fingerprints found for user ubuntu.
<14>Aug 16 20:27:51 ec2: 
<14>Aug 16 20:27:51 ec2: #############################################################
<14>Aug 16 20:27:51 ec2: -----BEGIN SSH HOST KEY FINGERPRINTS-----
<14>Aug 16 20:27:51 ec2: 1024 SHA256:VjNYVbC+7pVPghtx/g0lFWIPpgDPr14R8SpF3Bu4DMQ root@ubuntu-xenial (DSA)
<14>Aug 16 20:27:51 ec2: 256 SHA256:UBiYl6v0qgMJm6Eg55BLSYQHsbZ6F2PWTs6XrLfq7ek root@ubuntu-xenial (ECDSA)
<14>Aug 16 20:27:51 ec2: 256 SHA256:NPtp88cFMjmjYL7hjChE9Us8kQwf8cerf85pc3EsJBI root@ubuntu-xenial (ED25519)
<14>Aug 16 20:27:51 ec2: 2048 SHA256:XghI2wrxDdY8HfszmFWzWjgRGABOo8p4at4pJq8As+Y root@ubuntu-xenial (RSA)
<14>Aug 16 20:27:51 ec2: -----END SSH HOST KEY FINGERPRINTS-----
<14>Aug 16 20:27:51 ec2: #############################################################
-----BEGIN SSH HOST KEY KEYS-----
ecdsa-sha2-nistp256 AAAAE2VjZHNhLXNoYTItbmlzdHAyNTYAAAAIbmlzdHAyNTYAAABBBJXAy1ycbTr0HDFvy06tQ5tPpJj01q9lbykBrclNUbPlVsBmxjlLsxkZp2aI2s43gYKGLnoyHyvfdCnnq7X+oqY= root@ubuntu-xenial
ssh-ed25519 AAAAC3NzaC1lZDI1NTE5AAAAIM8be2j/YLHfyd7H8gn5iOiOgZdNrXgV33CLxV4SS5cc root@ubuntu-xenial
ssh-rsa AAAAB3NzaC1yc2EAAAADAQABAAABAQC/5E1cxUHGeoNBPC5IDC/8iUHJUd6uV1PNnv9L0ITpDVIBeWAfhtQgt63z2X28JwVoGY8/DGkz5Pqf4T9pyXqmmqn/g0auSSLM4Y/1M7k7TrQy/noQXSh9LGWdkpSU52LRWQAc02/fCbD/U2d9+E2SFtZ4LPW/kcyZeonX62tgcwd5EE93m2hED5aemUBZu4a9O1aCx0jW99z4AI6/rr7CC8UNSBMup5B/ueA7kMPaqptuZLHMzS2JFx5LVstYArbuT6Fe83kBOvlgo6dOht+guvoz9mingCKe0ff8A5Omp37r4XJUOAlZUCXiXkrbAEA9kcg3vJihLBAeyLJSZaX1 root@ubuntu-xenial
-----END SSH HOST KEY KEYS-----
[   31.904079] cloud-init[2329]: Cloud-init v. 0.7.7 running 'modules:final' at Tue, 16 Aug 2016 20:27:51 +0000. Up 30.91 seconds.
[   31.955623] cloud-init[2329]: ci-info: no authorized ssh keys fingerprints found for user ubuntu.
[[0;32m  OK  [0m] Started Execute cloud user/final scripts.
[   32.031882] cloud-init[2329]: Cloud-init v. 0.7.7 finished at Tue, 16 Aug 2016 20:27:52 +0000. Datasource DataSourceNoCloud [seed=/dev/sdb][dsmode=net].  Up 31.89 seconds
[[0;32m  OK  [0m] Reached target Cloud-init target.
[[0;32m  OK  [0m] Reached target Multi-User System.
[[0;32m  OK  [0m] Reached target Graphical Interface.
         Starting Update UTMP about System Runlevel Changes...
[[0;32m  OK  [0m] Started Update UTMP about System Runlevel Changes.

Ubuntu 16.04.1 LTS ubuntu-xenial ttyS0

ubuntu-xenial login: 